<?xml version="1.0" encoding="UTF-8"?>
<!-- Generated by org.testng.reporters.JUnitReportReporter -->
<testsuite skipped="0" hostname="DESKTOP-U1NDI53" name="test.LoginTest" tests="1" failures="0" timestamp="2022-04-27T01:24:33 EDT" time="5.215" errors="0">
  <testcase name="ValidUserShouldBeAbleToLogin" time="5.215" classname="test.LoginTest"/>
  <system-out/>
</testsuite> <!-- test.LoginTest -->
