<?xml version="1.0" encoding="UTF-8"?>
<!-- Generated by org.testng.reporters.JUnitReportReporter -->
<testsuite skipped="0" hostname="DESKTOP-U1NDI53" name="test.AddCustomerTest" tests="1" failures="0" timestamp="2022-04-27T01:24:33 EDT" time="8.201" errors="0">
  <testcase name="ValidUserSouldBeAbleToAddCustomer" time="8.201" classname="test.AddCustomerTest"/>
  <system-out/>
</testsuite> <!-- test.AddCustomerTest -->
